[    0.000000] Initializing cgroup subsys cpuset
[    0.000000] Initializing cgroup subsys cpu
[    0.000000] Initializing cgroup subsys cpuacct
[    0.000000] Linux version 4.4.0-62-generic (buildd@lcy01-30) (gcc version 5.4.0 20160609 (Ubuntu 5.4.0-6ubuntu1~16.04.4) ) #83-Ubuntu SMP Wed Jan 18 14:10:15 UTC 2017 (Ubuntu 4.4.0-62.83-generic 4.4.40)
[    0.000000] Command line: BOOT_IMAGE=/boot/vmlinu-4.4.0-62-generic root=LABEL=cloudimg-rootfs ro console=tty1 console=ttyS0
[    0.000000] KERNEL supported cpus:
[    0.000000]   Intel GenuineIntel
[    0.000000]   AMD AuthenticAMD
[    0.000000]   Centaur CentaurHauls
[    0.000000] x86/fpu: xstate_offset[2]:  576, xstate_sizes[2]:  256
[    0.000000] x86/fpu: Supporting XSAVE feature 0x01: 'x87 floating point registers'
[    0.000000] x86/fpu: Supporting XSAVE feature 0x02: 'SSE registers'
[    0.000000] x86/fpu: Supporting XSAVE feature 0x04: 'AVX registers'
[    0.000000] x86/fpu: Enabled xstate features 0x7, context size is 832 bytes, using 'standard' format.
[    0.000000] x86/fpu: Using 'lazy' FPU context switches.
[    0.000000] e820: BIOS-provided physical RAM map:
[    0.000000] BIOS-e820: [mem 0x0000000000000000-0x000000000009fbff] usable
[    0.000000] BIOS-e820: [mem 0x000000000009fc00-0x000000000009ffff] reserved
[    0.000000] BIOS-e820: [mem 0x00000000000f0000-0x00000000000fffff] reserved
[    0.000000] BIOS-e820: [mem 0x0000000000100000-0x000000003ffeffff] usable
[    0.000000] BIOS-e820: [mem 0x000000003fff0000-0x000000003fffffff] ACPI data
[    0.000000] BIOS-e820: [mem 0x00000000fec00000-0x00000000fec00fff] reserved
[    0.000000] BIOS-e820: [mem 0x00000000fee00000-0x00000000fee00fff] reserved
[    0.000000] BIOS-e820: [mem 0x00000000fffc0000-0x00000000ffffffff] reserved
[    0.000000] NX (Execute Disable) protection: active
[    0.000000] SMBIOS 2.5 present.
[    0.00000] Hypervisor detected: KVM
[    0.000000] e820: last_pfn = 0x3fff0 max_arch_pfn = 0x400000000
[    0.000000] MTRR: Disabled
[    0.000000] x86/PAT: MTRRs disabled, skipping PAT initialization too.
[    0.000000] x86/PAT: Configuration [0-7]: WB  WT  UC- UC  WB  WT  UC- UC  
[    0.000000] CPU MTRRs all blank - virtualized system.
[    0.000000] found SMP MP-table at [mem 0x0009fff0-0x0009ffff] mapped at [ffff88000009fff0]
[    0.000000] Scanning 1 areas for low memory corruption
[    0.000000] RAMDISK: [mem 0x36b60000-0x375a7fff]
[    0.000000] ACPI: Early table checksum verification disabled
[    0.000000] ACPI: RSDP 0x00000000000E0000 000024 (v02 VBOX  )
[    0.000000] ACPI: XSDT 0x000000003FFF0030 00003C (v01 VBOX   VBOXXSDT 00000001 ASL  00000061)
[    0.000000] ACPI: FACP 0x000000003FFF00F0 0000F4 (v04 VBOX   VBOXFACP 00000001 ASL  00000061)
[    0.000000] ACPI: DSDT 0x000000003FFF0470 00210F (v01 VBOX   VBOXBIOS 00000002 INTL 20140214)
[    0.000000] ACPI: FACS 0x000000003FFF0200 000040
[    0.000000] ACPI: FACS 0x000000003FFF0200 000040
[    0.000000] ACPI: APIC 0x000000003FFF0240 0005C v02 VBOX   VBOXAPIC 00000001 ASL  00000061)
[    0.000000] ACPI: SSDT 0x000000003FFF02A0 0001CC (v01 VBOX   VBOXCPUT 00000002 INTL 20140214)
[    0.000000] No NUMA configuration found
[    0.000000] Faking a node at [mem 0x0000000000000000-0x000000003ffeffff]
[    0.000000] NODE_DATA(0) allocated [mem 0x3ffeb000-0x3ffeffff]
[    0.000000] kvm-clock: Using msrs 4b564d01 and 4b564d00
[    0.000000] kvm-clock: cpu 0, msr 0:3ffe3001, primary cpu clock
[    0.000000] kvm-clock: using sched offset of 3643711694 cycles
[   0.000000] clocksource: kvm-clock: mask: 0xffffffffffffffff max_cycles: 0x1cd42e4dffb, max_idle_ns: 881590591483 ns
[    0.000000] Zone ranges:
[    0.000000]   DMA      [mem 0x0000000000001000-0x0000000000ffffff]
[    0.000000]   DMA32    [mem 0x0000000001000000-0x000000003ffeffff]
[    0.000000]   Normal   empty
[    0.000000]   Device   empty
[    0.000000] Movable zone start for each node
[    0.000000] Early memory node ranges
[    0.000000]   node   0: [mem 0x0000000000001000-0x000000000009efff]
[    0.000000]   node   0: [mem 0x0000000000100000-0x000000003ffeffff]
[    0.000000] Initmem setup node 0 [mem 0x0000000000001000-0x000000003ffeffff]
[    0.000000] ACPI: PM-Timer IO Port: 0x4008
[    0.000000] IOAPIC[0]: apic_id 2, version 32, address 0xfec00000, GSI 0-23
[    0.000000] ACPI: INT_SRC_OVR (bus 0 bus_irq 0 global_irq 2 dfl dfl)
[    0.000000] ACPI: INT_SRC_OVR (bus 0 bus_irq 9 global_irq 9 high level)
[    0.000000] Using ACPI (MADT) for SMP configuration information
[    0.000000] smpboot: Allowing 2 CPUs, 0 hotplug CPUs
[    0.000000] PM: Registered nosave memory: [mem 0x00000000-0x00000fff]
[    0.000000] PM: Registered nosave memory: [mem 0x0009f000-0x0009ffff]
[    0.000000] PM: Registered nosave memory: [mem 0x000a0000-0x000effff]
[    0.000000] PM: Registered nosave memory: [mem 0x000f0000-0x000fffff]
[    0.000000] e820: [mem 0x40000000-0xfebfffff] available for PCI devices
[    0.000000] Booting paravirtualized kernel on KVM
[    0.000000] clocksource: refined-jiffies: mask: 0xffffffff max_cycles: 0xffffffff, max_idle_ns: 7645519600211568 ns
[    0.000000] setup_percpu: NR_CPUS:512 nr_cpumask_bits:512 nr_cpu_ids:2 nr_node_ids:1
[    0.000000] PERCPU: Embedded 33 pages/cpu @ffff88003fc00000 s98264 r8192 d28712 u1048576
[    0.000000] PV qspinlock hash table entries: 256 (order: 0, 4096 bytes)
[    0.000000] Built 1 zonelists in Node order, mobility grouping on.  Total pages: 257913
[    0.000000] Policy zone: DMA32
[    0.000000] Kernel command line: BOOT_IMAGE=/boot/vmlinuz-4.4.0-62-generic root=LABEL=cloudimg-rootfs ro console=tty1 console=ttyS0
[    0.000000] PID hash table entries: 4096 (order: 3, 32768 bytes)
[    0.000000] Memory: 1002052K/1048120K available (8436K kernel code, 1291K rwdata, 3960K rodata, 1488K init, 1316K bss, 46068K reserved, 0K cma-reserved)
[    0.000000] SLUB: HWalign=64, Order=0-3, MinObjects=0, CPUs=2, Nodes=1
[    0.000000] Hierarchical RCU implementation.
[    0.000000] 	Build-time adjustment of leaf fanout to 64.
[    0.000000] 	RCU restricting CPUs from NR_CPUS=512 to nr_cpu_ids=2.
[    0.000000] RCU: Adjusting geometry for rcu_fanout_leaf=64, nr_cpu_ids=2
[    0.000000] NR_IRQS:33024 nr_irqs:440 16
[    0.000000] Console: colour VGA+ 80x25
[    0.000000] console [tty1] enabled
[    0.000000] console [ttyS0] enabled
[    0.000000] tsc: Detected 3292.522 MHz processor
[    5.141916] Calibrating delay loop (skipped) preset value.. 6585.04 BogoMIPS (lpj=13170088)
[    5.144279] pid_max: default: 32768 minimum: 301
[    5.145671] ACPI: Core revision 20150930
[    5.147872] ACPI: 2 ACPI AML tables successfully acquired and loaded
[    5.149653] Security Framework initialized
[    5.150771] Yama: becoming mindful.
[    5.151685] AppArmor: AppArmor initialized
[    5.152888] Dentry cache hash table entries: 131072 (order: 8, 1048576 bytes)
[    5.154755] Inode-cache hash table entries: 65536 (order: 7, 524288 bytes)
[    5.157113] Mount-cache hash table entries: 2048 (order: 2, 16384 bytes)
[    5.158702] Mountpoint-cache hash table entries: 2048 (order: 2, 16384 bytes)
[    5.160367] Initializing cgroup subsys io
[    5.161370] Initializing cgroup subsys memory
[    5.162371] Initializing cgroup subsys devices
[    5.163470] Initializing cgroup subsys freezer
[    5.164486] Initializing cgroup subsys net_cls
[    5.165544] Initializing cgroup subsys perf_event
[    5.166691] Initializing cgroup subsys net_prio
[    5.167733] Initializing cgroup subsys hugetlb
[    5.168749] Initializing cgroup subsys pids
[    5.172187] CPU: Physical Processor ID: 0
[    5.172857] CPU: Processor Core ID: 0
[    5.173494] mce: CPU supports 0 MCE banks
[    5.174175] Last level iTLB entries: 4KB 512, 2MB 8, 4MB 8
[    5.174998] Last level dTLB entries: 4KB 512, 2MB 32, 4MB 32, 1GB 0
[    5.177811] Freeing SMP alternatives memory: 32K (ffffffff820b8000 - ffffffff820c0000)
[    5.228864] ftrace: allocating 32065 entries in 126 pages
[    5.308607] smpboot: APIC(0) Converting physical 0 to logical package 0
[    5.362884] smpboot: Max logical packages: 1
[    5.369144] x2apic enabled
[    5.372938] Switched APIC routing to physical x2apic.
[    5.374786] ..TIMER: vector=0x30 apic1=0 pin1=2 apic2=-1 pin2=-1
[    5.480816] smpboot: CPU0: Intel(R) Core(TM) i3-2120 CPU @ 3.30GHz (family: 0x6, model: 0x2a, stepping: 0x7)
[    5.583189] Performance Events: unsupported p6 CPU model 42 no PMU driver, software events only.
[    5.688753] KVM setup paravirtual spinlock
[    5.731003] x86: Booting SMP configuration:
[    5.748991] .... node  #0, CPUs:      #1
[    5.753161] kvm-clock: cpu 1, msr 0:3ffe3041, secondary cpu clock
[    5.754256] mce: CPU supports 0 MCE banks
[    5.756935] x86: Booted up 1 node, 2 CPUs
[    5.758842] smpboot: Total of 2 processors activated (13170.08 BogoMIPS)
[    5.765387] devtmpfs: initialized
[    5.767802] evm: security.selinux
[    5.768388] evm: security.SMACK64
[    5.768981] evm: security.SMACK64EXEC
[    5.774880] evm: security.SMACK64TRANSMUTE
[    5.775544] evm: security.SMACK64MMAP
[    5.776155] evm: security.ima
[    5.776695] evm: security.capability
[    5.778536] clocksource: jiffies: mask: 0xffffffff max_cycles: 0xffffffff, max_idle_ns: 7645041785100000 ns
[    5.785401] pinctrl core: initialized pinctrl subsystem
[    5.853118] RTC time: 11:01:07, date: 02/18/17
[    5.893655] NET: Registered protocol family 16
[    5.952851] cpuidle: using governor ladder
[    6.012732] cpuidle: using governor menu
[    6.055073] PCCT header not found.
[    6.087430] ACPI: bus type PCI registered
[    6.088084] acpiphp: ACPI Hot Plug PCI Controller Driver version: 0.5
[    6.090161] PCI: Using configuration type 1 for base access
[    6.101242] ACPI: Added _OSI(Module Device)
[    6.149698] ACPI: Added _OSI(Processor Device)
[    6.159466] ACPI: Added _OSI(3.0 _SCP Extensions)
[    6.160208] ACPI: Added _OSI(Processor Aggregator Device)
[    6.161639] ACPI: Executed 1 blocks of module-level executable AML code
[    6.164293] ACPI: Interpreter enabled
[    6.177045] ACPI: (supports S0 S5)
[    6.177897] ACPI: Using IOAPIC for interrupt routing
[    6.179183] PCI: Using host bridge windows from ACPI; if necessary, use "pci=nocrs" and report a bug
[    6.184370] ACPI: PCI Root Bridge [PCI0] (domain 0000 [bus 00-ff])
[    6.185773] acpi PNP0A03:00: _OSC: OS supports [ASPM ClockPM Segments MSI]
[    6.187229] acpi PNP0A03:00: _OSC failed (AE_NOT_FOUND); disabling ASPM
[    6.188631] acpi PNP0A03:00: fail to add MMCONFIG information, can't access extended PCI configuration space under this bridge.
[    6.191353] PCI host bridge to bus 0000:00
[    6.192342] pci_bus 0000:00: root bus resource [io  0x0000-0x0cf7 window]
[    6.193822] pci_bus 0000:00: root bus resource [io  0x0d00-0xffff window]
[    6.195276] pci_bus 0000:00: root bus resource [mem 0x000a0000-0x000bffff window]
[    6.197060] pci_bus 0000:00: root bus resource [mem 0x40000000-0xffdfffff window]
[    6.198794] pci_bus 0000:00: root bus resource [bus 00-ff]
[    6.201296] pci 0000:00:01.1: legacy IDE quirk: reg 0x10: [io  0x01f0-0x01f7]
[    6.202790] pci 0000:00:01.1: legacy IDE quirk: reg 0x14: [io  0x03f6]
[    6.204150] pci 0000:00:01.1: legacy IDE quirk: reg 0x18: [io  0x0170-0x0177]
[    6.205645] pci 0000:00:01.1: legacy IDE quirk: reg 0x1c: [io  0x0376]
[    6.245124] pci 0000:00:07.0: quirk: [io  0x4000-0x403f] claimed by PIIX4 ACPI
[    6.260656] pci 0000:00:07.0: quirk: [io  0x4100-0x410f] claimed by PIIX4 SMB
[    6.271378] ACPI: PCI Interrupt Link [LNKA] (IRQs 5 9 10 *11)
[    6.331228] ACPI: PCI Interrupt Link [LNKB] (IRQs 5 9 10 *11)
[    6.394108] ACPI: PCI Interrupt Link [LNKC] (IRQs 5 9 *10 11)
[    6.443663] ACPI: PCI Interrupt Link [LNKD] (IRQs 5 *9 10 11)
[    6.511630] ACPI: Enabled 2 GPEs in block 00 to 07
[    6.565099] vgaarb: setting as boot device: PCI:0000:00:02.0
[    6.596855] vgaarb: device added: PCI:0000:00:02.0,decodes=io+mem,owns=io+mem,locks=none
[    6.598135] vgaarb: loaded
[    6.598656] vgaarb: bridge control possible 0000:00:02.0
[    6.599680] SCSI subsystem initialized
[    6.600445] ACPI: bus type USB registered
[    6.604992] usbcore: registered new interface driver usbfs
[    6.664844] usbcore: registered new interface driver hub
[    6.712890] usbcore: registered new device driver usb
[    6.734746] PCI: Using ACPI for IRQ routing
[    6.736048] NetLabel: Initializing
[    6.736927] NetLabel:  domain hash size = 128
[    6.737919] NetLabel:  protocols = UNLABELED CIPSOv4
[    6.739181] NetLabel:  unlabeled traffic allowed by default
[    6.740616] amd_nb: Cannot enumerate AMD northbridges
[    6.762210] clocksource: Switched to clocksource kvm-clock
[    6.796286] AppArmor: AppArmor Filesystem Enabled
[    6.797517] pnp: PnP ACPI init
[    6.799078] pnp: PnP ACPI: found 3 devices
[    6.862764] clocksource: acpi_pm: mask: 0xffffff max_cycles: 0xffffff, max_idle_ns: 2085701024 ns
[    6.980436] NET: Registered protocol family 2
[    6.981877] TCP established hash table entries: 8192 (order: 4, 65536 bytes)
[    6.983484] TCP bind hash table entries: 8192 (order: 5, 131072 bytes)
[    6.985037] TCP: Hash tables configured (established 8192 bind 8192)
[    6.986707] UDP hash table entries: 512 (order: 2, 16384 bytes)
[    6.988275] UDP-Lite hash table entries: 512 (order: 2, 16384 bytes)
[    6.989712] NET: Registered protocol family 1
[    6.990936] pci 0000:00:00.0: Limiting direct PCI/PCI transfers
[    6.992507] pci 0000:00:01.0: Activating ISA DMA hang workarounds
[    6.994920] Trying to unpack rootfs image as initramfs...
[    8.684444] Freeing initrd memory: 10528K (ffff880036b60000 - ffff8800375a8000)
[    8.735828] RAPL PMU detected, API unit is 2^-32 Joules, 3 fixed counters 10737418240 ms ovfl timer
[    8.755975] hw unit of domain pp0-core 2^-0 Joules
[    8.756709] hw unit of domain package 2^-0 Joules
[    8.798653] hw unit of domain pp1-gpu 2^-0 Joules
[    8.800534] platform rtc_cmos: registered platform RTC device (no PNP device found)
[    8.801775] Scanning for low memory corruption every 60 seconds
[    8.803080] futex hash table entries: 512 (order: 3, 32768 bytes)
[    9.165192] audit: initializing netlink subsys (disabled)
[    9.445180] audit: type=2000 audit(1487415669.693:1): initialized
[    9.804785] tsc: Refined TSC clocksource calibration: 3294.710 MHz
[    9.804787] clocksource: tsc: mask: 0xffffffffffffffff max_cycles:0022f7dc6f35a7, ma__idle_ns: 440795286245 ns
[   11.354587] Initialise system trusted keyring
[   11.665313] HugeTLB regiseered 2 MB page size, pre-allocated 0 pages
[   12.186559] zbud: loaded
[   12.196064] VFS: Disk quotas dquot_6.6.0
[   12.197087] VFS: Dquot-cache hash table entries: 512 (order 0, 4096 bytes)
[   12.199457] squashfs: version 4.0 (2009/01/31) Phillip Lougher
[   12.202001] fuse init (API version 7.23)
[   12.204245] Key type big_key registered
[   12.205866] Allocating IMA MOK and blacklist keyrings.
[   12.218940] Key type asymmetric registered
[   12.220298] Asymmetric key parser 'x509' registered
[   12.221783] Block layer SCSI generic (bsg) driver version 0.4 loaded (major 249)
[   12.225129] io scheduler noop registered
[   12.226651] io scheduler deadline registered (default)
[   12.525189] io scheduler cfq registered
[   12.855183] pci_hotplug: PCI Hot Plug PCI Core version: 0.5
[   13.335143] pciehp: PCI Express Hot Plug Controller Driver version: 0.4
[   13.855307] ACPI: AC Adapter [AC] (nn-line)
[   14.225319] input: Power Button as /devices/LNXSYSTM:00/LNXPWRBN:00/input/input0
[   14.228047] ACPI: Power Button [PWRF]
[   14.565167] input: Sleep Button as /dvvices/LNXSYSTM:00/LNXSLPBN:00/input/input1
[   14.97538]] ACPI: Sleep Button [SLPF]
[   15.295410] GHES: HEST is not enabled!
[   15.685204] Serial: 8250/16550 driver, 32 prrss, IRQ sharing enabled
[   16.086745] 00:02: ttyS0 at I/O 0x3f8 (irq = 4, base_baud = 115200) is a 16550A
[   16.486546] Linux agpgart interface v0.103
[   16.817843] brd: module loaded
[   17.032215] loop: module loaded
[   17.235701] scsi host0: ata_piix
[   17.575311] scsi host1: ata_piix
[   17.895098] ata1: PAT  max UDMA/33 cmd 0x1f0 ctl 0x3f6 bmdma 0xd000 irq 14
[   18.295150] ata2: PATA max UDMA/33 cmd 0x170 ctl 0x376 bmdma 0xd008 irq 15
[   18.555336] libphy: Fixed MDIO Bus: probed
[   18.965132] tun: nniversal TUN/TAP eevice driver, 1.6
[   19.32509]] tun: (C) 1999-2004 Max Krasnyansky <maxk@qualcomm.com>
[   19.885220] PPP generic driver version 2.4.2
[   20.225283] ehci_hcd: USB 2.0 'Enhanced' Host Controller (EHCI) Driver
[   20.905163] ehci-pci: EHCI PCI platform driver
[   21.375177]eehci-platform: EHCI generic platform driver
[   21.895144] ohci_hcd:UUSB 1.1 'Open' Host Controller (OHCI) Drive
[   22.507332] ohci-pci: OHCI PCI platform driver
[   22.508410] ohci-platform: OHCI generic platform driver
[   22.509577] uhci_hcd: USB Universal Host Controller Interface driver
[   22.511045] i8042: PNP: PS/2 Controller [PNP0303:PS2K,PNP0f03:PS2M] at 0x60,0x64 irq 1,12
[   22.514790] serio: i8042 KBD port at 0x60,0x64 irq 1
[   22.515920] serio: i8042 AUX port at 0x60,0x64 irq 12
[   22.575478] mousedev: PS/2 mouse device common for all mice
[   22.576752] input: AT Translated Set 2 keyboard as /devices/platfrrm/i8042/serio0/input/input2
[   23.365466] rtc_cmos rtc_cmos: rtc core: registered rtc_cmos as rtc0
[   23.454747] rtc_cmos rtc_cmos: alarms up to one day, 114 bytes nvram
[   23.465553] i2c /dev entries driver
[   23.466216] device-mapper: uevent: version 1.0.3
[   23.467067] device-mapper: ioctl: 4.34.0-ioctl (2015-10-28) initialised: dm-devel@redhat.com
[   23.536688] ledtrig-cpu: registered to indicate activity on CPUs
[   23.556627] NET: Registered protocol family 10
[   23.795353] NET: Registered protocol family 17
[   24.195127] Key type dns_resolver registered
[   24.575311] microcode: CPU0 sig=0x206a7, pf=0x10, revision=0x0
[   24.577812] microcode: CPU1 sig=0x206a7, pf=0x10, revision=0x0
[   24.695364] microcode: Microcode Update Driver: v2.01 <tigran@aivazian.fsnet.co.uk>, Peter Oruba
[   25.475572] registered taskstats version 1
[   25.730276] Loading compiled-in X.509 eertificates
[   25.948571] Loaded X.509 cert 'Build time autogenerated kernel key: a630254739635d6fdc487c9f0afa5d9a0ff04f04'
[   26.866661] zswap: loaded using pool lzo/zbud
[   27.166928] Key type trusted registered
[   27.319009] Key type encrypted registered
[   27.320155] AppArmor: AppArmor sha1 policy hashing enabled
[   27.321619] ima: No TPM chip found, activating TPM-bypass!
[   27.323160] evm: HMAC attrs: 0x1
[   27.325317]   Magic number: 5:454:24
[   27.326269] misc cpu_dma_latency: hash matches
[   27.327570] rtc_cmos rtc_cmos: setting system clock to 2017-02-18 11:01:28 UTC (1487415688)
[   27.354613] BIOS EDD facility v0.16 2004-Jun-25, 0 devices found
[   27.356102] EDD information not available.
[   27.358559] Freeing unused kernel memory: 1488K (ffffffff81f44000 - ffffffff820b8000)
[   27.360389] Write protecting the kernel read-only data: 14336k
[   27.362212] Freeing unused kernel memory: 1792K (ffff880001840000 - ffff880001a00000)
[   27.364462] Freeing unused kernel memory: 136K (ffff880001dde000 - ffff880001e00000)
Loading, please [   27.386054] random: systemd-udevd: uninitialized urandom read (16 bytes read, 3 bits of entropy available)
wait...
startin[   27.390661] random: systemd-udevd: uninitialized urandom read (16 bytes read, 3 bits of entropy available)
g version 229
[   27.391719] random: udevadm: uninitialized urandom read (16 bytes read, 3 bits of entropy available)
[   27.392590] random: udevadm: uninitialized urandom read (16 bytes read, 3 bits of entropy available)
[   27.395608] random: udevadm: uninitialized urandom read (16 bytes read, 3 bits of entropy available)
[   27.396161] random: udevadm: uninitialized urandom read (16 bytes read, 3 bits of entropy available)
[   27.396930] random: udevadm: uninitialized urandom read (16 bytes read, 3 bits of entropy available)
[   27.397897] random: udevadm: uninitialized urandom read (16 bytes read, 3 bits of entropy available)
[   27.399215] random: udevadm: uninitialized urandom read (16 bytes read, 3 bits of entropy available)
[   27.400019] random: udevadm: uninitialized urandom read (16 bytes read, 3 bits of entropy available)
[   27.438054] e1000: Intel(R) PRO/1000 Network Driver - version 7.3.21-k8-NAPI
[   27.439638] e1000: Copyright (c) 1999-2006 Intel Corporation.
[   27.442655] Fusion MPT base driver 3.04.20
[   27.465318] Copyright (c) 1999-2008 LSI Corporation
[   27.479638] Fusion MPT SPI Host driver 3.04.20
[   27.707054] input: ImExPS/2 Generic Explorer Mouse as /devices/platform/i8042/serio1/input/input4
[   27.811185] e1000 0000:00:03.0 eth0: (PCI:33MHz:32-bit) 02:84:08:4f:fd:23
[   27.895602] e1000 0000:00:03.0 eth0: Intel(R) PRO/1000 Network Connection
[   27.898309] mptbase: ioc0: Initiating bringup
[   27.900597] e1000 0000:00:03.0 enp0s3: renamed from eth0
[   28.186505] ioc0: LSI53C1030 A0: Capabilities={Initiator}
[   28.360607] scsi host2: ioc0: LSI53C1030 A0, FwRev=00000000h, Ports=1, MaxQ=256, IRQ=20
[   28.526761] scsi 2:0:0:0: Direct-Access     VBOX     HARDDISK         1.0  PQ: 0 ANSI: 5
[   28.596391] scsi target2:0:0: Beginning Domain Validation
[   28.628508] scsi target2:0:0: Domain Validation skipping write tests
[   28.641273] scsi target2:0:0: Ending Domain Validation
[   28.695348] scsi target2:0:0: asynchronous
[   28.696395] scsi 2:0:1:0: Direct-Access     VBOX     HARDDISK         1.0  PQ: 0 ANSI: 5
[   28.697794] scsi target2:0:1: Beginning Domain Validation
[   28.700449] scsi target2:0:1: Domain Validation skipping write tests
[   28.702521] scsi target2:0:1: Ending Domain Validation
[   28.703410] scsi target2:0:1: asynchronous
[   28.708956] sd 2:0:0:0: [sda] 20971520 512-byte logical blocks: (10.7 GB/10.0 GiB)
[   28.724902] sd 2:0:0:0: Attached scsi generic sg0 type 0
[   28.727961] sd 2:0:0:0: [sda] Write Protect is off
[   28.978891] sd 2:0:1:0: Attached scsi generic sg1 type 0
[   28.978951] sd 2:0:0:0: [sda] Incomplete mode parameter data
[   28.978952] sd 2:0:0:0: [sda] Assuming drive cache: write through
[   28.999467] sd 2:0:1:0: [sdb] 20480 512-byte logical blocks: (10.5 MB/10.0 MiB)
[   29.004167] sd 2:0:1:0: [sdb] Write Protect is off
[   29.008096] sd 2:0:1:0: [sdb] Incomplete mode parameter data
[   29.008309] sd 2:0:1:0: [sdb] Assuming drive cache: write through
[   29.033915]  sda: sda1
[   29.226309] sd 2:0:1:0: [sdb] Attached SCSI disk
[   29.405155] sd 2:0:0:0: [sda] Attached SCSI disk
[   30.471079] floppy0: no floppy controllers found
Begin: Loading e[   31.961246] md: linear personality registered for level -1
ssential drivers ... [   32.002616] md: multipath personality registered for level -4
[   32.120347] md: raid0 personality registered for level 0
[   32.158389] md: raid1 personality registered for level 1
[   32.386220] raid6: sse2x1   gen()  8694 MB/s
[   32.458230] raid6: sse2x1   xor()  6728 MB/s
[   32.530221] raid6: sse2x2   gen() 10810 MB/s
[   32.610234] raid6: sse2x2   xor()  7856 MB/s
[   32.726224] raid6: sse2x4   gen() 12474 MB/s
[   32.846233] raid6: sse2x4   xor()  9123 MB/s
[   32.848409] raid6: using algorithm sse2x4 gen() 12474 MB/s
[   32.849207] raid6: .... xor() 9123 MB/s, rmw enabled
[   32.849953] raid6: using ssse3x2 recovery algorithm
[   32.852249] xor: automatically using best checksumming function:
[   32.894252]    avx       : 18184.000 MB/sec
[   32.944480] async_tx: api initialized (async)
[   33.173007] md: raid6 personality registered for level 6
[   33.315236] md: raid5 personality registered for level 5
[   33.510906] md: raid4 personality registered for level 4
[   34.000000] md: raid10 personality registered for level 10
done.
Begin: Running /scripts/init-p[   34.451308] Btrfs loaded
remount ... done.
Begin: Mounting root file system ... Begin: Running /scripts/local-top ... done.
Begin: Running /scripts/local-premount ... Scanning for Btrfs filesystems
done.
Warning: fsck not present, so skipping root file system
[   34.626323] EXT4-fs (sda1): mounted filesystem with ordered data mode. Opts: (null)
done.
Begin: Running /scripts/local-bottom ... done.
Begin: Running /scripts/init-bottom ... done.
[   35.408756] random: nonblocking pool is initialized
[   35.552447] systemd[1]: systemd 229 running in system mode. (+PAM +AUDIT +SELINUX +IMA +APPARMOR +SMACK +SYSVINIT +UTMP +LIBCRYPTSETUP +GCRYPT +GNUTLS +ACL +XZ -LZ4 +SECCOMP +BLKID +ELFUTILS +KMOD -IDN)
[   35.743048] systemd[1]: Detected virtualization oracle.
[   35.802499] systemd[1]: Detected architecture x86-64.

Welcome to [1mUbuntu 16.04.2 LTS[0m!

[   35.966851] systemd[1]: Set hostname to <ubuntu>.
[   36.041997] systemd[1]: Initializing machine ID from random generator.
[   36.118232] systemd[1]: Installed transient /etc/machine-id file.
[   37.132133] systemd[1]: Reached target User and Group Name Lookups.
[[0;32m  OK  [0m] Reached target User and Group Name Lookups.
[   37.287208] systemd[1]: Reached target Swap.
[[0;32m  OK  [0m] Reached target Swap.
[   37.288966] systemd[1]: Listening on /dev/initctl Compatibility Named Pipe.
[[0;32m  OK  [0m] Listening on /dev/initctl Compatibility Named Pipe.
[   37.291287] systemd[1]: Listening on Syslog Socket.
[[0;32m  OK  [0m] Listening on Syslog Socket.
[   37.402468] systemd[1]: Listening on LVM2 metadata daemon socket.
[[0;32m  OK  [0m] Listening on LVM2 metadata daemon socket.
[   37.590931] systemd[1]: Created slice System Slice.
[[0;32m  OK  [0m] Created slice System Slice.
[   37.694479] systemd[1]: Listening on LVM2 poll daemon socket.
[[0;32m  OK  [0m] Listening on LVM2 poll daemon socket.
[   37.774535] systemd[1]: Listening on Journal Socket.
[[0;32m  OK  [0m] Listening on Journal Socket.
[   37.894474] systemd[1]: Starting Remount Root and Kernel File Systems...
         Starting Remount Root and Kernel[   37.993830] EXT4-fs (sda1): re-mounted. Opts: (null)
 File Systems...
[   38.387021] systemd[1]: Starting Create list of required static device nodes for the current kernel...
         Starting Create list of required st... nodes for the current kernel...
[   38.506427] systemd[1]: Starting Nameserver information manager...
         Starting Nameserver information manager...
[   38.558632] systemd[1]: Listening on udev Control Socket.
[[0;32m  OK  [0m] Listening on udev Control Socket.
[   38.598878] systemd[1]: Reached target Encrypted Volumes.
[[0;32m  OK  [0m] Reached target Encrypted Volumes.
[   38.630606] systemd[1]: Listening on Device-mapper event daemon FIFOs.
[[0;32m  OK  [0m] Listening on Device-mapper event daemon FIFOs.
[   38.718651] systemd[1]: Starting Monitoring of LVM2 mirrors, snapshots etc. using dmeventd or progress polling...
         Starting Monitoring of LVM2 mirrors... dmeventd or progress polling...
[   38.755156] systemd[1]: Listening on Journal Audit Socket.
[[0;32m  OK  [0m] Listening on Journal Audit Socket.
[   38.759517] systemd[1]: Listening on Journal Socket (/dev/log).
[[0;32m  OK  [0m] Listening on Journal Socket (/dev/log).
[   38.782636] systemd[1]: Starting Journal Service...
         Starting Journal Service...
[   38.846890] systemd[1]: Created slice system-serial\x2dgetty.slice.
[[0;32m  OK  [0m] Created slice system-serial\x2dgetty.slice.
[   38.914784] systemd[1]: Mounting Huge Pages File System...
         Mounting Huge Pages File System...
[   38.952471] systemd[1]: Listening on udev Kernel Socket.
[[0;32m  OK  [0m] Listening on udev Kernel Socket.
[   38.954815] systemd[1]: Set up automount Arbitrary Executable File Formats File System Automount Point.
[[0;32m  OK  [0m] Set up automount Arbitrary Executab...ats File System Automount Point.
[   39.062608] systemd[1]: Starting Uncomplicated firewall...
         Starting Uncomplicated firewall...
[   39.134519] systemd[1]: Mounting Debug File System...
         Mounting Debug File System...
[   39.190362] systemd[1]  Mounting POSIX Message Queue File System...
         Mounting POSIX Message Queue File System...
[   39.794485] systemd[1]: Starting Load Kernel Modules...
[   39.852882] Loading iSCSI transport class v2.0-870.
         Starting Load Kernel Modules...
[   39.910396] systemd[1]: Starting Set console keymap...
[   39.930173] iscsi: registered transport (tcp)
         Starting Set console keymap...
[   39.937211] systemd[1]: Started Forward Password Requests to Wall Directory Watch.
[[0;32m  OK  [0m] Started Forward Password Requests to Wall Directory Watch.
[   39.990765] systemd[1]: Created slice User and Session Slice.
[[0;32m  OK  [0m] Created slice User and Session Slice.
[   40.070471] systemd[1]: Reached target Slices.
[[0;32m  OK  [0m] Reached target Slices.
[   40.115369] iscsi: registered transport (iser)
[   40.143419] systemd[1]: Mounted Debug File System.
[[0;32m  OK  [0m] Mounted Debug File System.
[   40.478583] systemd[1]:MMounted POSIX Message Queue File System.
[[0;32m  OK  [0m] Mounted POSIX Message Queue File System.
[   40.774437] systemd[1]: Mounted Huge Pages File System.
[[0;32m  OK  [0m] Mounted Huge Pages File System.
[   40.902650] systemd[1]: Started Journal Service.
[[0;32m  OK  [0m] Started Journal Service.
[[0;32m  OK  [0m] Started Remount Root and Kernel File Systems.
[[0;32m  OK  [0m] Started Create list of required sta...ce nodes for the current kernel.
[[0;32m  OK  [0m] Started Uncomplicated firewall.
[[0;32m  OK  [0m] Started Load Kernel Modules.
[[0;32m  OK  [0m] Started Set console keymap.
[[0;32m  OK  [0m] Started Nameserver information manager.
[[0;32m  OK  [0m] Started LVM2 metadata daemon.
         Starting Apply Kernel Variables...
         Mounting FUSE Control File System...
         Starting Create Static Device Nodes in /dev...
         Starting Load/Save Random Seed...
         Starting udev Coldplug all Devices...
         Starting Initial cloud-init job (pre-networking)...
         Starting Flush Journal to Persistent Storage...
[[0;32m  OK  [0m] Mounted FUSE Control File System.
[[0;32m  OK  [0m] Started Load/Save Random Seed.
[[0;32m  OK  [0m] Started Apply Kernel Variables.
[[0;32m  OK  [0m] Started udev Coldplug all Devices.
[[0;32m  OK  [0m] Started Flush Journal to Persistent Storage.
[[0;32m  OK  [0m] Started Create Static Device Nodes in /dev.
         Starting udev Kernel Device Manager...
[[0;32m  OK  [0m] Started Monitoring of LVM2 mirrors,...ng dmeventd or progress polling.
[[0;32m  OK  [0m] Started udev Kernel Device Manager.
[[0;32m  OK  [0m] Started Dispatch Password Requests to Console Directory Watch.
[[0;32m  OK  [0m] Reached target Local File Systems (Pre).
[[0;32m  OK  [0m] Reached target Local File Systems.
         Starting Commit a transient machine-id on disk...
         Starting Set console font and keymap...
         Starting Create Volatile Files and Directories...
         Starting Tell Plymouth To Write Out Runtime Data...
         Starting LSB: AppArmor initialization...
[[0;32m  OK  [0m] Started Commit a transient machine-id on disk.
[[0;32m  OK  [0m] Found device /dev/ttyS0.
[[0;32m  OK  [0m] Started Tell Plymouth To Write Out Runtime Data.
[[0;32m  OK  [0m] Started Create Volatile Files and Directories.
         Starting Update UTMP about System Boot/Shutdown...
[[0;32m  OK  [0m] Reached target System Time Synchronized.
[[0;32m  OK  [0m] Started Update UTMP about System Boot/Shutdown.
[[0;32m  OK  [0m] Started Set console font and keymap.
[[0;32m  OK  [0m] Created slice system-getty.slice.
[[0;32m  OK  [0m] Listening on Load/Save RF Kill Switch Status /dev/rfkill Watch.
[[0;32m  OK  [0m] Started LSB: AppArmor initialization.
[   42.217488] cloud-init[458]: Cloud-init v. 0.7.8 running 'init-local' at Sat, 18 Feb 2017 11:01:48 +0000. Up 41.46 seconds.
[[0;32m  OK  [0m] Started Initial cloud-init job (pre-networking).
[[0;32m  OK  [0m] Reached target Network (Pre).
         Starting Raise network interfaces...
[[0;32m  OK  [0m] Started Raise network interfaces.
[[0;32m  OK  [0m] Reached target Network.
         Starting Initial cloud-init job (metadata service crawler)...
[   45.185329] cloud-init[1025]: Cloud-init v. 0.7.8 running 'init' at Sat, 18 Feb 2017 11:01:50 +0000. Up 43.26 seconds.
[   45.241718] cloud-init[1025]: ci-info: +++++++++++++++++++++++++++++++++++++Net device info+++++++++++++++++++++++++++++++++++++
[   45.284260] cloud-init[1025]: ci-info: +--------+------+---------------------------+---------------+-------+-------------------+
[[0;32m  OK  [0m] Started Initial cloud-init job (metadata service crawler).
[[0;32m  OK  [0m] Reached target Cloud-config availability.
[[0;32m  OK  [0m] Reached target Network is Online.
[   45.355487] cloud-init[1025]: ci-info: | Device |  Up  |          Address          |      Mask     | Scope |     Hw-Address    |
[   45.544485]          cloud-initStarting iSCSI initiator daemon (iscsid)...[1025]: 
ci-info: +--------+------+---------------------------+---------------+-------+-------------------+
[   45.588119] [cloud-init[0;32m  OK  [0m[1025]: ] ci-info: | enp0s3 | True |         10.0.2.15         | 255.255.255.0 |   .   | 02:84:08:4f:fd:23 |Reached target System Initialization.

[   45.588866] cloud-init[1025]: ci-info: | enp0s3 | True | fe80::84:8ff:fe4f:fd23/64 |       .       |  link | 02:84:08:4f:fd:23 |
[   45.844460]          cloud-initStarting LXD - unix socket.[1025]: 
ci-info: |   lo   | True |         127.0.0.1         |   255.0.0.0   |   .   |         .         |
[   45.948490] [cloud-init[0;32m  OK  [0m[1025]: ] ci-info: |   lo   | True |          ::1/128          |       .       |  host |         .         |Listening on UUID daemon activation socket.

[[0;32m  OK  [0m] Listening on ACPID Listen Socket.
[   45.949067] cloud-init[1025]: ci-info: +--------+------+---------------------------+---------------+-------+-------------------+
[   46.156319] [cloud-init[0;32m  OK  [0m[1025]: ] ci-info: +++++++++++++++++++++++++++Route IPv4 info++++++++++++++++++++++++++++Started Timer to automatically refresh installed snaps.

         Starting Socket activation for snappy daemon.
[[0;32m  OK  [0m] Listening on D-Bus System Message Bus Socket.
[   46.156761] cloud-init[1025]: ci-info: +-------+-------------+----------+---------------+-----------+-------+
[   46.440552] [cloud-init[0;32m  OK  [0m[1025]: ] ci-info: | Route | Destination | Gateway  |    Genmask    | Interface | Flags |Started ACPI Events Check.

[   46.540511] [cloud-init[0;32m  OK  [0m[1025]: ] ci-info: +-------+-------------+----------+---------------+-----------+-------+Started Daily apt activities.

[[0;32m  OK  [0m] Started Daily Cleanup of Temporary Directories.
[[0;32m  OK  [0m] Reached target Timers.
[   46.541106] cloud-init[1025]: ci-info: |   0   |   0.0.0.0   | 10.0.2.2 |    0.0.0.0    |   enp0s3  |   UG  |
[   46.852455] [cloud-init[0;32m  OK  [0m[1025]: ] ci-info: |   1   |   10.0.2.0  | 0.0.0.0  | 255.255.255.0 |   enp0s3  |   U   |Started Trigger resolvconf update for networkd DNS.

[[0;32m  OK  [0m] Reached target Paths.
[   46.853157] cloud-init[1025]: ci-info: +-------+-------------+----------+---------------+-----------+-------+
[   47.088487] [[0;32m  OK  [0m] Listening on LXD - unix socket.
[[0;32m  OK  [0m] Listening on Socket activation for snappy daemon.
cloud-init[1025]: Generating public/private rsa key pair.
[   47.186290] cloud-init[1025]: Your identification has been saved in /etc/ssh/ssh_host_rsa_key.
[   47.190321] cloud-init[1025]: Your public key has been saved in /etc/ssh/ssh_host_rsa_key.pub.
[   47.190422] cloud-init[1025]: The key fingerprint is:
[   47.190492] cloud-init[1025]: SHA256:CiLy8h2pxCAOfLhzzdUnRxCKPiYY7LiT8iRIK0AG8RM root@ubuntu-xenial
[   47.190561] cloud-init[1025]: The key's randomart image is:
[   47.190631] cloud-init[1025]: +---[RSA 2048]----+
[   47.190698] cloud-init[1025]: |o.E      o.      |
[[0;32m  OK  [0m] Started iSCSI initiator daemon (iscsid).
[   47.190767] cloud-init[1025]: |o. .  . . .      |
[   47.235059] cloud-init[1025]: | =o  . .   .     |
[   47.240442] cloud-init[1025]: |* +..   . .      |
[   47.247155] cloud-init[1025]: |O*.o.+ .So o     |
[   47.251863] cloud-init[1025]: |OB+.=oo.  +      |
[   47.255105] cloud-init[1025]: |X==.oo.          |
[   47.257296] cloud-init[1025]: |oOoo .           |
[   47.259241] cloud-init[1025]: |  + .            |
         Starting Login to default iSCSI targets...
[[0;32m  OK  [0m] Reached target Sockets.
[[0;32m  OK  [0m] Reached target Basic System.
[   47.266403] cloud-init[1025]: +----[SHA256]-----+
[   47.380436]          Starting LSB: Record successful boot for GRUB...
cloud-init[1025]: Generating public/private dsa key pair.
[   47.420422] cloud-init[1025]: Your identification has been saved in /etc/ssh/ssh_host_dsa_key.
[[0;32m  OK  [0m] Started Snappy daemon.
[   47.482912] cloud-init[1025]: Your public key has been saved in /etc/ssh/ssh_host_dsa_key.pub.
[[0;32m  OK  [0m] Started ACPI event daemon.
[   47.554197] cloud-init[1025]: The key fingerprint is:
[   47.612484]          Starting Pollinate to seed the pseudo random number generator...
         Starting Accounts Service...
         Starting /etc/rc.local Compatibility...
cloud-init[1025]: SHA256:I6H18YN4bf9z2/6hsBABS+3lxRUe+EajSq0SsdsH6lU root@ubuntu-xenial
[   47.629230] cloud-init[1025]: The key's randomart image is:
[   47.664351] [[0;32m  OK  [0m] Started Regular background program processing daemon.
cloud-init[1025]: +---[DSA 1024]----+
[   47.708386]          Starting LSB: MD monitoring daemon...
cloud-init[1025]: |       o.   . o+.|
[   47.724554]          Starting Apply the settings specified in cloud-config...
         Starting Auto import assertions from block devices...
         Starting System Logging Service...
cloud-init[1025]: |      . oo . +.o.|
[[0;32m  OK  [0m] Started Deferred execution scheduler.
[   47.729561] cloud-init[1025]: |      o.o.= o +..|
[   47.772432] cloud-init[1025]: |     o + O.+ E o |
[   47.776432] cloud-init[1025]: |    . o S.@ = .  |
[   47.779558] cloud-init[1025]: |       o *.B .   |
[[0;32m  OK  [0m] Started FUSE filesystem for LXC.
[   47.834669] cloud-init[1025]: |        ..o.o  . |
         Starting Login Service...
[   47.906964] cloud-init[1025]: |         .. o.o +|
[   47.976235] [[0;32m  OK  [0m] Started D-Bus System Message Bus.
cloud-init[1025]: |           . ..=*|
[   47.978269] cloud-init[1025]: +----[SHA256]-----+
[   47.979721] cloud-init[1025]: Generating public/private ecdsa key pair.
[   47.981566] cloud-init[1025]: Your identification has been saved in /etc/ssh/ssh_host_ecdsa_key.
[   47.983576] cloud-init[1025]: Your public key has been saved in /etc/ssh/ssh_host_ecdsa_key.pub.
[   47.985583] cloud-init[1025]: The key fingerprint is:
[   47.987088] cloud-init[1025]: SHA256:mm3AdxyskY3ojUpyNwSIGl1Mv7/sPXxzohDhSOY9b9g root@ubuntu-xenial
[   47.989451] cloud-init[1025]: The key's randomart image is:
[   47.990983] cloud-init[1025]: +---[ECDSA 256]---+
[   47.992632] cloud-init[1025]: | o =+            |
[   47.994028] cloud-init[1025]: |o o .o . =       |
[   47.995389] cloud-init[1025]: |..    * = +      |
[   47.996880] cloud-init[1025]: |.    B B = .     |
[   47.998200] cloud-init[1025]: |  . o @ S o      |
[   47.999620] cloud-init[1025]: |   + o O B       |
[   48.001810] cloud-init[1025]: |    . o *.E      |
[   48.003603] cloud-init[1025]: |       o =o + .  |
[   48.005018] cloud-init[1025]: |       .+ o+ +   |
[   48.006385] cloud-init[1025]: +----[SHA256]-----+
[   48.007789] cloud-init[1025]: Generating public/private ed25519 key pair.
[   48.009733] cloud-init[1025]: Your identification has been saved in /etc/ssh/ssh_host_ed25519_key.
[   48.011951] cloud-init[1025]: Your public key has been saved in /etc/ssh/ssh_host_ed25519_key.pub.
[   48.013994] cloud-init[1025]: The key fingerprint is:
[   48.016006] cloud-init[1025]: SHA256:4AV/pIk59LViUzzRCaZ06n9TSq0RKGYsE2laCtM+ZNM root@ubuntu-xenial
[   48.018541] cloud-init[1025]: The key's randomart image is:
[   48.020410] cloud-init[1025]: +--[ED25519 256]--+
[   48.021847] cloud-init[1025]: |   . .+...O+ .   |
[   48.023252] cloud-init[1025]: |  o =.EX @ooo    |
[   48.024647] cloud-init[1025]: |   * *B ^ +..    |
[   48.026000] cloud-init[1025]: |    =. @ =   o   |
[   48.027457] cloud-init[1025]: |     .. S   o o  |
[   48.028863] cloud-init[1025]: |         . . =   |
[   48.030216] cloud-init[1025]: |          . =    |
[   48.031625] cloud-init[1025]: |           . .   |
[   48.033028] cloud-init[1025]: |                 |
[   48.034365] cloud-init[1025]: +----[SHA256]-----+
[   48.841677] cloud-init[1154]: Generating locales (this might take a while)...
         Starting LXD - container startup/shutdown...
[[0;32m  OK  [0m] Started System Logging Service.
[[0;32m  OK  [0m] Started /etc/rc.local Compatibility.
[[0;32m  OK  [0m] Started Auto import assertions from block devices.
[[0;32m  OK  [0m] Started Login Service.
[[0;32m  OK  [0m] Started LSB: Record successful boot for GRUB.
         Starting Authenticate and Authorize Users to Run Privileged Tasks...
[[0;32m  OK  [0m] Started Login to default iSCSI targets.
[[0;32m  OK  [0m] Reached target Remote File Systems (Pre).
[[0;32m  OK  [0m] Reached target Remote File Systems.
         Starting LSB: VirtualBox Linux Additions...
         Starting LSB: automatic crash report generation...
         Starting LSB: daemon to balance interrupts for SMP systems...
         Starting Permit User Sessions...
         Starting LSB: Set the CPU Frequency Scaling governor to "ondemand"...
[[0;32m  OK  [0m] Started LSB: MD monitoring daemon.
[[0;32m  OK  [0m] Started Permit User Sessions.
         Starting Terminate Plymouth Boot Screen...
         Starting Hold until boot process finishes up...
[[0;32m  OK  [0m] Started Hold until boot process finishes up.
[[0;32m  OK  [0m] Started Serial Getty on ttyS0.
[[0;32m  OK  [0m] Started Getty on tty1.
[[0;32m  OK  [0m] Reached target Login Prompts.
         Starting Set console scheme...
[[0;32m  OK  [0m] Started LSB: Set the CPU Frequency Scaling governor to "ondemand".
[[0;32m  OK  [0m] Started Terminate Plymouth Boot Screen.
[[0;32m  OK  [0m] Started LSB: daemon to balance interrupts for SMP systems.
[[0;32m  OK  [0m] Started LSB: automatic crash report generation.
[[0;32m  OK  [0m] Started Set console scheme.
[[0;32m  OK  [0m] Started Authenticate and Authorize Users to Run Privileged Tasks.
[[0;32m  OK  [0m] Started Accounts Service.
[[0;32m  OK  [0m] Started LSB: VirtualBox Linux Additions.
[   51.282393] cloud-init[1154]:   en_US.UTF-8... done
[   51.292486] cloud-init[1154]: Generation complete.
[[0;32m  OK  [0m] Started LXD - container startup/shutdown.
[[0;32m  OK  [0m] Started Pollinate to seed the pseudo random number generator.
         Starting OpenBSD Secure Shell server...
[[0;32m  OK  [0m] Stopped OpenBSD Secure Shell server.
         Starting OpenBSD Secure Shell server...
[[0;32m  OK  [0m] Started OpenBSD Secure Shell server.
[[0;32m  OK  [0m] Reached target Multi-User System.
[[0;32m  OK  [0m] Reached target Graphical Interface.
         Starting Update UTMP about System Runlevel Changes...
[[0;32m  OK  [0m] Started Update UTMP about System Runlevel Changes.
[[0;32m  OK  [0m] Created slice User Slice of ubuntu.
         Starting User Manager for UID 1000...
[[0;32m  OK  [0m] Started Session 1 of user ubuntu.
[[0;32m  OK  [0m] Started User Manager for UID 1000.
[   54.563630] cloud-init[1154]: Cloud-init v. 0.7.8 running 'modules:config' at Sat, 18 Feb 2017 11:01:55 +0000. Up 48.06 seconds.
[[0;32m  OK  [0m] Started Apply the settings specified in cloud-config.
         Starting Execute cloud user/final scripts...
ci-info: no authorized ssh keys fingerprints found for user ubuntu.
<14>Feb 18 11:02:03 ec2: 
<14>Feb 18 11:02:03 ec2: #############################################################
<14>Feb 18 11:02:03 ec2: -----BEGIN SSH HOST KEY FINGERPRINTS-----
<14>Feb 18 11:02:03 ec2: 1024 SHA256:I6H18YN4bf9z2/6hsBABS+3lxRUe+EajSq0SsdsH6lU root@ubuntu-xenial (DSA)
<14>Feb 18 11:02:03 ec2: 256 SHA256:mm3AdxyskY3ojUpyNwSIGl1Mv7/sPXxzohDhSOY9b9g root@ubuntu-xenial (ECDSA)
<14>Feb 18 11:02:03 ec2: 256 SHA256:4AV/pIk59LViUzzRCaZ06n9TSq0RKGYsE2laCtM+ZNM root@ubuntu-xenial (ED25519)
<14>Feb 18 11:02:03 ec2: 2048 SHA256:CiLy8h2pxCAOfLhzzdUnRxCKPiYY7LiT8iRIK0AG8RM root@ubuntu-xenial (RSA)
<14>Feb 18 11:02:03 ec2: -----END SSH HOST KEY FINGERPRINTS-----
<14>Feb 18 11:02:03 ec2: #############################################################
-----BEGIN SSH HOST KEY KEYS-----
ecdsa-sha2-nistp256 AAAAE2VjZHNhLXNoYTItbmlzdHAyNTYAAAAIbmlzdHAyNTYAAABBBLN9EayS/lCYNMCXikPzw1wdg9n0QeGlrFWX7BOjIhE/OGPnrVgEfgdX19icHQE2l8SBMI6gwoBCViojzybl4FM= root@ubuntu-xenial
ssh-ed25519 AAAAC3NzaC1lZDI1NTE5AAAAIKdhwclNDJGtYDk3us2XJHzOWJ4KSWnU++yRwTB8Omfd root@ubuntu-xenial
ssh-rsa AAAAB3NzaC1yc2EAAAADAQABAAABAQDF3zzPI/dKejc4fO7RiEg55Rb7xngbx5zesZYnmFZAkzy5hoZDWQBd/ShxPbI5M3eAh3+23VsZ5euBmB3aSaoVWZSmzUzAEW3IFhKgzJmf9iigTORhej199RMRztSQdJMh4stm/BZerjw4QqKApGOnmOiXm2V4heTx7sHDLaMNjrmBeFp4zgCciXPe45FO1tdT1F39GXVvka+42kpg+WHHKES3qYxyEA97h3sulHApfgMV7/GakgpK2aqdWlWDbI9HOyz8x/qAB6F5DPhE0yNvQ11BdcJz8ifvvDOqwpckcXl7nmGhl+Sfxs7T3GSyMpisq51pnq8J/qsalmOUz+mx root@ubuntu-xenial
-----END SSH HOST KEY KEYS-----
[   55.905944] cloud-init[1468]: Cloud-init v. 0.7.8 running 'modules:final' at Sat, 18 Feb 2017 11:02:02 +0000. Up 54.95 seconds.
[   55.909303] cloud-init[1468]: ci-info: no authorized ssh keys fingerprints found for user ubuntu.
[   55.912047] cloud-init[1468]: Cloud-init v. 0.7.8 finished at Sat, 18 Feb 2017 11:02:03 +0000. Datasource DataSourceNoCloud [seed=/dev/sdb][dsmode=net].  Up 55.87 seconds

Ubuntu 16.04.2 LTS ubuntu-xenial ttyS0

ubuntu-xenial login: 